18-Dec-2023 21:06:45.141 INFO [main] org.apache.catalina.startup.VersionLoggerListener.log Server version name:   Apache Tomcat/10.1.17
18-Dec-2023 21:06:45.146 INFO [main] org.apache.catalina.startup.VersionLoggerListener.log Server built:          Dec 7 2023 23:31:38 UTC
18-Dec-2023 21:06:45.146 INFO [main] org.apache.catalina.startup.VersionLoggerListener.log Server version number: 10.1.17.0
18-Dec-2023 21:06:45.146 INFO [main] org.apache.catalina.startup.VersionLoggerListener.log OS Name:               Windows 11
18-Dec-2023 21:06:45.146 INFO [main] org.apache.catalina.startup.VersionLoggerListener.log OS Version:            10.0
18-Dec-2023 21:06:45.146 INFO [main] org.apache.catalina.startup.VersionLoggerListener.log Architecture:          amd64
18-Dec-2023 21:06:45.146 INFO [main] org.apache.catalina.startup.VersionLoggerListener.log Java Home:             C:\Program Files\Oracle\jdk-17.0.2
18-Dec-2023 21:06:45.147 INFO [main] org.apache.catalina.startup.VersionLoggerListener.log JVM Version:           17.0.2+8-86
18-Dec-2023 21:06:45.147 INFO [main] org.apache.catalina.startup.VersionLoggerListener.log JVM Vendor:            Oracle Corporation
18-Dec-2023 21:06:45.147 INFO [main] org.apache.catalina.startup.VersionLoggerListener.log CATALINA_BASE:         C:\Users\evila\Documents\all servers\apache-tomcat-10.1.17
18-Dec-2023 21:06:45.147 INFO [main] org.apache.catalina.startup.VersionLoggerListener.log CATALINA_HOME:         C:\Users\evila\Documents\all servers\apache-tomcat-10.1.17
18-Dec-2023 21:06:45.158 INFO [main] org.apache.catalina.startup.VersionLoggerListener.log Command line argument: -Djava.util.logging.config.file=C:\Users\evila\Documents\all servers\apache-tomcat-10.1.17\conf\logging.properties
18-Dec-2023 21:06:45.158 INFO [main] org.apache.catalina.startup.VersionLoggerListener.log Command line argument: -Djava.util.logging.manager=org.apache.juli.ClassLoaderLogManager
18-Dec-2023 21:06:45.158 INFO [main] org.apache.catalina.startup.VersionLoggerListener.log Command line argument: -Djdk.tls.ephemeralDHKeySize=2048
18-Dec-2023 21:06:45.158 INFO [main] org.apache.catalina.startup.VersionLoggerListener.log Command line argument: -Djava.protocol.handler.pkgs=org.apache.catalina.webresources
18-Dec-2023 21:06:45.159 INFO [main] org.apache.catalina.startup.VersionLoggerListener.log Command line argument: --add-opens=java.base/java.lang=ALL-UNNAMED
18-Dec-2023 21:06:45.159 INFO [main] org.apache.catalina.startup.VersionLoggerListener.log Command line argument: --add-opens=java.base/java.io=ALL-UNNAMED
18-Dec-2023 21:06:45.159 INFO [main] org.apache.catalina.startup.VersionLoggerListener.log Command line argument: --add-opens=java.base/java.util=ALL-UNNAMED
18-Dec-2023 21:06:45.160 INFO [main] org.apache.catalina.startup.VersionLoggerListener.log Command line argument: --add-opens=java.base/java.util.concurrent=ALL-UNNAMED
18-Dec-2023 21:06:45.160 INFO [main] org.apache.catalina.startup.VersionLoggerListener.log Command line argument: --add-opens=java.rmi/sun.rmi.transport=ALL-UNNAMED
18-Dec-2023 21:06:45.160 INFO [main] org.apache.catalina.startup.VersionLoggerListener.log Command line argument: -Dcatalina.base=C:\Users\evila\Documents\all servers\apache-tomcat-10.1.17
18-Dec-2023 21:06:45.160 INFO [main] org.apache.catalina.startup.VersionLoggerListener.log Command line argument: -Dcatalina.home=C:\Users\evila\Documents\all servers\apache-tomcat-10.1.17
18-Dec-2023 21:06:45.160 INFO [main] org.apache.catalina.startup.VersionLoggerListener.log Command line argument: -Djava.io.tmpdir=C:\Users\evila\Documents\all servers\apache-tomcat-10.1.17\temp
18-Dec-2023 21:06:45.163 INFO [main] org.apache.catalina.core.AprLifecycleListener.lifecycleEvent Loaded Apache Tomcat Native library [2.0.6] using APR version [1.7.4].
18-Dec-2023 21:06:45.170 INFO [main] org.apache.catalina.core.AprLifecycleListener.initializeSSL OpenSSL successfully initialized [OpenSSL 3.0.11 19 Sep 2023]
18-Dec-2023 21:06:45.438 INFO [main] org.apache.coyote.AbstractProtocol.init Initializing ProtocolHandler ["http-nio-8080"]
18-Dec-2023 21:06:45.464 INFO [main] org.apache.catalina.startup.Catalina.load Server initialization in [505] milliseconds
18-Dec-2023 21:06:45.521 INFO [main] org.apache.catalina.core.StandardService.startInternal Starting service [Catalina]
18-Dec-2023 21:06:45.521 INFO [main] org.apache.catalina.core.StandardEngine.startInternal Starting Servlet engine: [Apache Tomcat/10.1.17]
18-Dec-2023 21:06:45.531 INFO [main] org.apache.catalina.startup.HostConfig.deployDirectory Deploying web application directory [C:\Users\evila\Documents\all servers\apache-tomcat-10.1.17\webapps\docs]
18-Dec-2023 21:06:45.896 INFO [main] org.apache.catalina.startup.HostConfig.deployDirectory Deployment of web application directory [C:\Users\evila\Documents\all servers\apache-tomcat-10.1.17\webapps\docs] has finished in [365] ms
18-Dec-2023 21:06:45.897 INFO [main] org.apache.catalina.startup.HostConfig.deployDirectory Deploying web application directory [C:\Users\evila\Documents\all servers\apache-tomcat-10.1.17\webapps\examples]
18-Dec-2023 21:06:46.326 INFO [main] org.apache.catalina.startup.HostConfig.deployDirectory Deployment of web application directory [C:\Users\evila\Documents\all servers\apache-tomcat-10.1.17\webapps\examples] has finished in [429] ms
18-Dec-2023 21:06:46.327 INFO [main] org.apache.catalina.startup.HostConfig.deployDirectory Deploying web application directory [C:\Users\evila\Documents\all servers\apache-tomcat-10.1.17\webapps\host-manager]
18-Dec-2023 21:06:46.371 INFO [main] org.apache.catalina.startup.HostConfig.deployDirectory Deployment of web application directory [C:\Users\evila\Documents\all servers\apache-tomcat-10.1.17\webapps\host-manager] has finished in [44] ms
18-Dec-2023 21:06:46.371 INFO [main] org.apache.catalina.startup.HostConfig.deployDirectory Deploying web application directory [C:\Users\evila\Documents\all servers\apache-tomcat-10.1.17\webapps\manager]
18-Dec-2023 21:06:46.417 INFO [main] org.apache.catalina.startup.HostConfig.deployDirectory Deployment of web application directory [C:\Users\evila\Documents\all servers\apache-tomcat-10.1.17\webapps\manager] has finished in [46] ms
18-Dec-2023 21:06:46.418 INFO [main] org.apache.catalina.startup.HostConfig.deployDirectory Deploying web application directory [C:\Users\evila\Documents\all servers\apache-tomcat-10.1.17\webapps\ROOT]
18-Dec-2023 21:06:46.448 INFO [main] org.apache.catalina.startup.HostConfig.deployDirectory Deployment of web application directory [C:\Users\evila\Documents\all servers\apache-tomcat-10.1.17\webapps\ROOT] has finished in [30] ms
18-Dec-2023 21:06:46.452 INFO [main] org.apache.coyote.AbstractProtocol.start Starting ProtocolHandler ["http-nio-8080"]
18-Dec-2023 21:06:46.522 INFO [main] org.apache.catalina.startup.Catalina.start Server startup in [1057] milliseconds
18-Dec-2023 21:07:37.836 INFO [Thread-1] org.apache.coyote.AbstractProtocol.pause Pausing ProtocolHandler ["http-nio-8080"]
18-Dec-2023 21:07:37.845 INFO [Thread-1] org.apache.catalina.core.StandardService.stopInternal Stopping service [Catalina]
18-Dec-2023 21:07:37.865 INFO [Thread-1] org.apache.coyote.AbstractProtocol.stop Stopping ProtocolHandler ["http-nio-8080"]
18-Dec-2023 21:07:37.875 INFO [Thread-1] org.apache.coyote.AbstractProtocol.destroy Destroying ProtocolHandler ["http-nio-8080"]
18-Dec-2023 21:10:49.351 INFO [main] org.apache.catalina.startup.VersionLoggerListener.log Server version name:   Apache Tomcat/10.1.17
18-Dec-2023 21:10:49.359 INFO [main] org.apache.catalina.startup.VersionLoggerListener.log Server built:          Dec 7 2023 23:31:38 UTC
18-Dec-2023 21:10:49.359 INFO [main] org.apache.catalina.startup.VersionLoggerListener.log Server version number: 10.1.17.0
18-Dec-2023 21:10:49.359 INFO [main] org.apache.catalina.startup.VersionLoggerListener.log OS Name:               Windows 11
18-Dec-2023 21:10:49.360 INFO [main] org.apache.catalina.startup.VersionLoggerListener.log OS Version:            10.0
18-Dec-2023 21:10:49.360 INFO [main] org.apache.catalina.startup.VersionLoggerListener.log Architecture:          amd64
18-Dec-2023 21:10:49.360 INFO [main] org.apache.catalina.startup.VersionLoggerListener.log Java Home:             C:\Program Files\Oracle\jdk-17.0.2
18-Dec-2023 21:10:49.360 INFO [main] org.apache.catalina.startup.VersionLoggerListener.log JVM Version:           17.0.2+8-86
18-Dec-2023 21:10:49.360 INFO [main] org.apache.catalina.startup.VersionLoggerListener.log JVM Vendor:            Oracle Corporation
18-Dec-2023 21:10:49.362 INFO [main] org.apache.catalina.startup.VersionLoggerListener.log CATALINA_BASE:         C:\Users\evila\Documents\cursos\jakarta ee 9\apache-tomcat-10.1.17
18-Dec-2023 21:10:49.362 INFO [main] org.apache.catalina.startup.VersionLoggerListener.log CATALINA_HOME:         C:\Users\evila\Documents\cursos\jakarta ee 9\apache-tomcat-10.1.17
18-Dec-2023 21:10:49.377 INFO [main] org.apache.catalina.startup.VersionLoggerListener.log Command line argument: -Djava.util.logging.config.file=C:\Users\evila\Documents\cursos\jakarta ee 9\apache-tomcat-10.1.17\conf\logging.properties
18-Dec-2023 21:10:49.378 INFO [main] org.apache.catalina.startup.VersionLoggerListener.log Command line argument: -Djava.util.logging.manager=org.apache.juli.ClassLoaderLogManager
18-Dec-2023 21:10:49.378 INFO [main] org.apache.catalina.startup.VersionLoggerListener.log Command line argument: -Djdk.tls.ephemeralDHKeySize=2048
18-Dec-2023 21:10:49.378 INFO [main] org.apache.catalina.startup.VersionLoggerListener.log Command line argument: -Djava.protocol.handler.pkgs=org.apache.catalina.webresources
18-Dec-2023 21:10:49.378 INFO [main] org.apache.catalina.startup.VersionLoggerListener.log Command line argument: --add-opens=java.base/java.lang=ALL-UNNAMED
18-Dec-2023 21:10:49.379 INFO [main] org.apache.catalina.startup.VersionLoggerListener.log Command line argument: --add-opens=java.base/java.io=ALL-UNNAMED
18-Dec-2023 21:10:49.379 INFO [main] org.apache.catalina.startup.VersionLoggerListener.log Command line argument: --add-opens=java.base/java.util=ALL-UNNAMED
18-Dec-2023 21:10:49.379 INFO [main] org.apache.catalina.startup.VersionLoggerListener.log Command line argument: --add-opens=java.base/java.util.concurrent=ALL-UNNAMED
18-Dec-2023 21:10:49.379 INFO [main] org.apache.catalina.startup.VersionLoggerListener.log Command line argument: --add-opens=java.rmi/sun.rmi.transport=ALL-UNNAMED
18-Dec-2023 21:10:49.380 INFO [main] org.apache.catalina.startup.VersionLoggerListener.log Command line argument: -Dcatalina.base=C:\Users\evila\Documents\cursos\jakarta ee 9\apache-tomcat-10.1.17
18-Dec-2023 21:10:49.380 INFO [main] org.apache.catalina.startup.VersionLoggerListener.log Command line argument: -Dcatalina.home=C:\Users\evila\Documents\cursos\jakarta ee 9\apache-tomcat-10.1.17
18-Dec-2023 21:10:49.380 INFO [main] org.apache.catalina.startup.VersionLoggerListener.log Command line argument: -Djava.io.tmpdir=C:\Users\evila\Documents\cursos\jakarta ee 9\apache-tomcat-10.1.17\temp
18-Dec-2023 21:10:49.385 INFO [main] org.apache.catalina.core.AprLifecycleListener.lifecycleEvent Loaded Apache Tomcat Native library [2.0.6] using APR version [1.7.4].
18-Dec-2023 21:10:49.393 INFO [main] org.apache.catalina.core.AprLifecycleListener.initializeSSL OpenSSL successfully initialized [OpenSSL 3.0.11 19 Sep 2023]
18-Dec-2023 21:10:49.737 INFO [main] org.apache.coyote.AbstractProtocol.init Initializing ProtocolHandler ["http-nio-8080"]
18-Dec-2023 21:10:49.781 INFO [main] org.apache.catalina.startup.Catalina.load Server initialization in [681] milliseconds
18-Dec-2023 21:10:49.864 INFO [main] org.apache.catalina.core.StandardService.startInternal Starting service [Catalina]
18-Dec-2023 21:10:49.865 INFO [main] org.apache.catalina.core.StandardEngine.startInternal Starting Servlet engine: [Apache Tomcat/10.1.17]
18-Dec-2023 21:10:49.880 INFO [main] org.apache.catalina.startup.HostConfig.deployDirectory Deploying web application directory [C:\Users\evila\Documents\cursos\jakarta ee 9\apache-tomcat-10.1.17\webapps\docs]
18-Dec-2023 21:10:50.374 INFO [main] org.apache.catalina.startup.HostConfig.deployDirectory Deployment of web application directory [C:\Users\evila\Documents\cursos\jakarta ee 9\apache-tomcat-10.1.17\webapps\docs] has finished in [493] ms
18-Dec-2023 21:10:50.374 INFO [main] org.apache.catalina.startup.HostConfig.deployDirectory Deploying web application directory [C:\Users\evila\Documents\cursos\jakarta ee 9\apache-tomcat-10.1.17\webapps\examples]
18-Dec-2023 21:10:50.908 INFO [main] org.apache.catalina.startup.HostConfig.deployDirectory Deployment of web application directory [C:\Users\evila\Documents\cursos\jakarta ee 9\apache-tomcat-10.1.17\webapps\examples] has finished in [534] ms
18-Dec-2023 21:10:50.909 INFO [main] org.apache.catalina.startup.HostConfig.deployDirectory Deploying web application directory [C:\Users\evila\Documents\cursos\jakarta ee 9\apache-tomcat-10.1.17\webapps\host-manager]
18-Dec-2023 21:10:50.976 INFO [main] org.apache.catalina.startup.HostConfig.deployDirectory Deployment of web application directory [C:\Users\evila\Documents\cursos\jakarta ee 9\apache-tomcat-10.1.17\webapps\host-manager] has finished in [68] ms
18-Dec-2023 21:10:50.977 INFO [main] org.apache.catalina.startup.HostConfig.deployDirectory Deploying web application directory [C:\Users\evila\Documents\cursos\jakarta ee 9\apache-tomcat-10.1.17\webapps\manager]
18-Dec-2023 21:10:51.046 INFO [main] org.apache.catalina.startup.HostConfig.deployDirectory Deployment of web application directory [C:\Users\evila\Documents\cursos\jakarta ee 9\apache-tomcat-10.1.17\webapps\manager] has finished in [69] ms
18-Dec-2023 21:10:51.046 INFO [main] org.apache.catalina.startup.HostConfig.deployDirectory Deploying web application directory [C:\Users\evila\Documents\cursos\jakarta ee 9\apache-tomcat-10.1.17\webapps\ROOT]
18-Dec-2023 21:10:51.089 INFO [main] org.apache.catalina.startup.HostConfig.deployDirectory Deployment of web application directory [C:\Users\evila\Documents\cursos\jakarta ee 9\apache-tomcat-10.1.17\webapps\ROOT] has finished in [43] ms
18-Dec-2023 21:10:51.094 INFO [main] org.apache.coyote.AbstractProtocol.start Starting ProtocolHandler ["http-nio-8080"]
18-Dec-2023 21:10:51.175 INFO [main] org.apache.catalina.startup.Catalina.start Server startup in [1394] milliseconds
18-Dec-2023 21:10:57.262 INFO [Thread-1] org.apache.coyote.AbstractProtocol.pause Pausing ProtocolHandler ["http-nio-8080"]
18-Dec-2023 21:10:57.274 INFO [Thread-1] org.apache.catalina.core.StandardService.stopInternal Stopping service [Catalina]
18-Dec-2023 21:10:57.299 INFO [Thread-1] org.apache.coyote.AbstractProtocol.stop Stopping ProtocolHandler ["http-nio-8080"]
18-Dec-2023 21:10:57.307 INFO [Thread-1] org.apache.coyote.AbstractProtocol.destroy Destroying ProtocolHandler ["http-nio-8080"]
18-Dec-2023 21:12:48.760 INFO [main] org.apache.catalina.startup.VersionLoggerListener.log Server version name:   Apache Tomcat/10.1.17
18-Dec-2023 21:12:48.764 INFO [main] org.apache.catalina.startup.VersionLoggerListener.log Server built:          Dec 7 2023 23:31:38 UTC
18-Dec-2023 21:12:48.764 INFO [main] org.apache.catalina.startup.VersionLoggerListener.log Server version number: 10.1.17.0
18-Dec-2023 21:12:48.764 INFO [main] org.apache.catalina.startup.VersionLoggerListener.log OS Name:               Windows 11
18-Dec-2023 21:12:48.765 INFO [main] org.apache.catalina.startup.VersionLoggerListener.log OS Version:            10.0
18-Dec-2023 21:12:48.765 INFO [main] org.apache.catalina.startup.VersionLoggerListener.log Architecture:          amd64
18-Dec-2023 21:12:48.765 INFO [main] org.apache.catalina.startup.VersionLoggerListener.log Java Home:             C:\Program Files\Oracle\jdk-17.0.2
18-Dec-2023 21:12:48.765 INFO [main] org.apache.catalina.startup.VersionLoggerListener.log JVM Version:           17.0.2+8-86
18-Dec-2023 21:12:48.765 INFO [main] org.apache.catalina.startup.VersionLoggerListener.log JVM Vendor:            Oracle Corporation
18-Dec-2023 21:12:48.766 INFO [main] org.apache.catalina.startup.VersionLoggerListener.log CATALINA_BASE:         C:\Users\evila\Documents\cursos\jakarta ee 9\apache-tomcat-10.1.17
18-Dec-2023 21:12:48.766 INFO [main] org.apache.catalina.startup.VersionLoggerListener.log CATALINA_HOME:         C:\Users\evila\Documents\cursos\jakarta ee 9\apache-tomcat-10.1.17
18-Dec-2023 21:12:48.776 INFO [main] org.apache.catalina.startup.VersionLoggerListener.log Command line argument: -Djava.util.logging.config.file=C:\Users\evila\Documents\cursos\jakarta ee 9\apache-tomcat-10.1.17\conf\logging.properties
18-Dec-2023 21:12:48.777 INFO [main] org.apache.catalina.startup.VersionLoggerListener.log Command line argument: -Djava.util.logging.manager=org.apache.juli.ClassLoaderLogManager
18-Dec-2023 21:12:48.777 INFO [main] org.apache.catalina.startup.VersionLoggerListener.log Command line argument: -Djdk.tls.ephemeralDHKeySize=2048
18-Dec-2023 21:12:48.777 INFO [main] org.apache.catalina.startup.VersionLoggerListener.log Command line argument: -Djava.protocol.handler.pkgs=org.apache.catalina.webresources
18-Dec-2023 21:12:48.777 INFO [main] org.apache.catalina.startup.VersionLoggerListener.log Command line argument: --add-opens=java.base/java.lang=ALL-UNNAMED
18-Dec-2023 21:12:48.778 INFO [main] org.apache.catalina.startup.VersionLoggerListener.log Command line argument: --add-opens=java.base/java.io=ALL-UNNAMED
18-Dec-2023 21:12:48.778 INFO [main] org.apache.catalina.startup.VersionLoggerListener.log Command line argument: --add-opens=java.base/java.util=ALL-UNNAMED
18-Dec-2023 21:12:48.778 INFO [main] org.apache.catalina.startup.VersionLoggerListener.log Command line argument: --add-opens=java.base/java.util.concurrent=ALL-UNNAMED
18-Dec-2023 21:12:48.778 INFO [main] org.apache.catalina.startup.VersionLoggerListener.log Command line argument: --add-opens=java.rmi/sun.rmi.transport=ALL-UNNAMED
18-Dec-2023 21:12:48.778 INFO [main] org.apache.catalina.startup.VersionLoggerListener.log Command line argument: -Dcatalina.base=C:\Users\evila\Documents\cursos\jakarta ee 9\apache-tomcat-10.1.17
18-Dec-2023 21:12:48.778 INFO [main] org.apache.catalina.startup.VersionLoggerListener.log Command line argument: -Dcatalina.home=C:\Users\evila\Documents\cursos\jakarta ee 9\apache-tomcat-10.1.17
18-Dec-2023 21:12:48.778 INFO [main] org.apache.catalina.startup.VersionLoggerListener.log Command line argument: -Djava.io.tmpdir=C:\Users\evila\Documents\cursos\jakarta ee 9\apache-tomcat-10.1.17\temp
18-Dec-2023 21:12:48.782 INFO [main] org.apache.catalina.core.AprLifecycleListener.lifecycleEvent Loaded Apache Tomcat Native library [2.0.6] using APR version [1.7.4].
18-Dec-2023 21:12:48.787 INFO [main] org.apache.catalina.core.AprLifecycleListener.initializeSSL OpenSSL successfully initialized [OpenSSL 3.0.11 19 Sep 2023]
18-Dec-2023 21:12:49.041 INFO [main] org.apache.coyote.AbstractProtocol.init Initializing ProtocolHandler ["http-nio-8080"]
18-Dec-2023 21:12:49.076 INFO [main] org.apache.catalina.startup.Catalina.load Server initialization in [522] milliseconds
18-Dec-2023 21:12:49.142 INFO [main] org.apache.catalina.core.StandardService.startInternal Starting service [Catalina]
18-Dec-2023 21:12:49.142 INFO [main] org.apache.catalina.core.StandardEngine.startInternal Starting Servlet engine: [Apache Tomcat/10.1.17]
18-Dec-2023 21:12:49.154 INFO [main] org.apache.catalina.startup.HostConfig.deployDirectory Deploying web application directory [C:\Users\evila\Documents\cursos\jakarta ee 9\apache-tomcat-10.1.17\webapps\docs]
18-Dec-2023 21:12:49.527 INFO [main] org.apache.catalina.startup.HostConfig.deployDirectory Deployment of web application directory [C:\Users\evila\Documents\cursos\jakarta ee 9\apache-tomcat-10.1.17\webapps\docs] has finished in [373] ms
18-Dec-2023 21:12:49.528 INFO [main] org.apache.catalina.startup.HostConfig.deployDirectory Deploying web application directory [C:\Users\evila\Documents\cursos\jakarta ee 9\apache-tomcat-10.1.17\webapps\examples]
18-Dec-2023 21:12:50.014 INFO [main] org.apache.catalina.startup.HostConfig.deployDirectory Deployment of web application directory [C:\Users\evila\Documents\cursos\jakarta ee 9\apache-tomcat-10.1.17\webapps\examples] has finished in [486] ms
18-Dec-2023 21:12:50.014 INFO [main] org.apache.catalina.startup.HostConfig.deployDirectory Deploying web application directory [C:\Users\evila\Documents\cursos\jakarta ee 9\apache-tomcat-10.1.17\webapps\host-manager]
18-Dec-2023 21:12:50.073 INFO [main] org.apache.catalina.startup.HostConfig.deployDirectory Deployment of web application directory [C:\Users\evila\Documents\cursos\jakarta ee 9\apache-tomcat-10.1.17\webapps\host-manager] has finished in [59] ms
18-Dec-2023 21:12:50.074 INFO [main] org.apache.catalina.startup.HostConfig.deployDirectory Deploying web application directory [C:\Users\evila\Documents\cursos\jakarta ee 9\apache-tomcat-10.1.17\webapps\manager]
18-Dec-2023 21:12:50.126 INFO [main] org.apache.catalina.startup.HostConfig.deployDirectory Deployment of web application directory [C:\Users\evila\Documents\cursos\jakarta ee 9\apache-tomcat-10.1.17\webapps\manager] has finished in [52] ms
18-Dec-2023 21:12:50.127 INFO [main] org.apache.catalina.startup.HostConfig.deployDirectory Deploying web application directory [C:\Users\evila\Documents\cursos\jakarta ee 9\apache-tomcat-10.1.17\webapps\ROOT]
18-Dec-2023 21:12:50.167 INFO [main] org.apache.catalina.startup.HostConfig.deployDirectory Deployment of web application directory [C:\Users\evila\Documents\cursos\jakarta ee 9\apache-tomcat-10.1.17\webapps\ROOT] has finished in [40] ms
18-Dec-2023 21:12:50.174 INFO [main] org.apache.coyote.AbstractProtocol.start Starting ProtocolHandler ["http-nio-8080"]
18-Dec-2023 21:12:50.258 INFO [main] org.apache.catalina.startup.Catalina.start Server startup in [1180] milliseconds
18-Dec-2023 21:12:58.774 INFO [http-nio-8080-exec-1] org.apache.catalina.startup.HostConfig.deployWAR Deploying web application archive [C:\Users\evila\Documents\cursos\jakarta ee 9\apache-tomcat-10.1.17\webapps\webapp.war]
18-Dec-2023 21:12:58.823 INFO [http-nio-8080-exec-1] org.apache.catalina.startup.HostConfig.deployWAR Deployment of web application archive [C:\Users\evila\Documents\cursos\jakarta ee 9\apache-tomcat-10.1.17\webapps\webapp.war] has finished in [49] ms
18-Dec-2023 21:18:16.100 INFO [Thread-1] org.apache.coyote.AbstractProtocol.pause Pausing ProtocolHandler ["http-nio-8080"]
18-Dec-2023 21:18:16.110 INFO [Thread-1] org.apache.catalina.core.StandardService.stopInternal Stopping service [Catalina]
18-Dec-2023 21:18:16.141 INFO [Thread-1] org.apache.coyote.AbstractProtocol.stop Stopping ProtocolHandler ["http-nio-8080"]
18-Dec-2023 21:18:16.157 INFO [Thread-1] org.apache.coyote.AbstractProtocol.destroy Destroying ProtocolHandler ["http-nio-8080"]
